# JRE version: OpenJDK Runtime Environment Temurin-17.0.4+8 (17.0.4+8) (build 17.0.4+8)
# Java VM: OpenJDK 64-Bit Server VM Temurin-17.0.4+8 (17.0.4+8, mixed mode, emulated-client, tiered, compressed oops, compressed class ptrs, g1 gc, windows-amd64)
GC Precious Log:
 CPUs: 12 total, 12 available
 Memory: 16260M
 Large Page Support: Disabled
 NUMA Support: Disabled
 Compressed Oops: Enabled (Zero based)
 Heap Region Size: 2M
 Heap Min Capacity: 8M
 Heap Initial Capacity: 256M
 Heap Max Capacity: 4066M
 Pre-touch: Disabled
 Parallel Workers: 10
 Concurrent Workers: 3
 Concurrent Refinement Workers: 10
 Periodic GC: Disabled
Heap:
 garbage-first heap   total 90112K, used 38725K [0x0000000701e00000, 0x0000000800000000)
  region size 2048K, 10 young (20480K), 4 survivors (8192K)
 Metaspace       used 74046K, committed 74624K, reserved 1114112K
  class space    used 9832K, committed 10112K, reserved 1048576K
GC Heap History (20 events):
Event: 2.525 GC heap before
{Heap before GC invocations=10 (full 0):
 garbage-first heap   total 69632K, used 56172K [0x0000000701e00000, 0x0000000800000000)
  region size 2048K, 25 young (51200K), 4 survivors (8192K)
 Metaspace       used 39185K, committed 39616K, reserved 1089536K
  class space    used 4815K, committed 5056K, reserved 1048576K
}
Event: 2.530 GC heap after
{Heap after GC invocations=11 (full 0):
 garbage-first heap   total 71680K, used 17001K [0x0000000701e00000, 0x0000000800000000)
  region size 2048K, 4 young (8192K), 4 survivors (8192K)
 Metaspace       used 39185K, committed 39616K, reserved 1089536K
  class space    used 4815K, committed 5056K, reserved 1048576K
}
Event: 2.542 GC heap before
{Heap before GC invocations=11 (full 0):
 garbage-first heap   total 71680K, used 19049K [0x0000000701e00000, 0x0000000800000000)
  region size 2048K, 5 young (10240K), 4 survivors (8192K)
 Metaspace       used 39419K, committed 39808K, reserved 1089536K
  class space    used 4849K, committed 5056K, reserved 1048576K
}
Event: 2.546 GC heap after
{Heap after GC invocations=12 (full 0):
 garbage-first heap   total 71680K, used 17852K [0x0000000701e00000, 0x0000000800000000)
  region size 2048K, 1 young (2048K), 1 survivors (2048K)
 Metaspace       used 39419K, committed 39808K, reserved 1089536K
  class space    used 4849K, committed 5056K, reserved 1048576K
}
Event: 2.748 GC heap before
{Heap before GC invocations=12 (full 0):
 garbage-first heap   total 71680K, used 52668K [0x0000000701e00000, 0x0000000800000000)
  region size 2048K, 18 young (36864K), 1 survivors (2048K)
 Metaspace       used 42979K, committed 43456K, reserved 1089536K
  class space    used 5260K, committed 5504K, reserved 1048576K
}
Event: 2.749 GC heap after
{Heap after GC invocations=13 (full 0):
 garbage-first heap   total 176128K, used 17752K [0x0000000701e00000, 0x0000000800000000)
  region size 2048K, 1 young (2048K), 1 survivors (2048K)
 Metaspace       used 42979K, committed 43456K, reserved 1089536K
  class space    used 5260K, committed 5504K, reserved 1048576K
}
Event: 3.409 GC heap before
{Heap before GC invocations=13 (full 0):
 garbage-first heap   total 176128K, used 120152K [0x0000000701e00000, 0x0000000800000000)
  region size 2048K, 51 young (104448K), 1 survivors (2048K)
 Metaspace       used 52066K, committed 52480K, reserved 1097728K
  class space    used 6595K, committed 6784K, reserved 1048576K
}
Event: 3.412 GC heap after
{Heap after GC invocations=14 (full 0):
 garbage-first heap   total 176128K, used 19286K [0x0000000701e00000, 0x0000000800000000)
  region size 2048K, 2 young (4096K), 2 survivors (4096K)
 Metaspace       used 52066K, committed 52480K, reserved 1097728K
  class space    used 6595K, committed 6784K, reserved 1048576K
}
Event: 3.887 GC heap before
{Heap before GC invocations=14 (full 0):
 garbage-first heap   total 176128K, used 95062K [0x0000000701e00000, 0x0000000800000000)
  region size 2048K, 40 young (81920K), 2 survivors (4096K)
 Metaspace       used 59619K, committed 60096K, reserved 1105920K
  class space    used 7840K, committed 8064K, reserved 1048576K
}
Event: 3.890 GC heap after
{Heap after GC invocations=15 (full 0):
 garbage-first heap   total 176128K, used 20788K [0x0000000701e00000, 0x0000000800000000)
  region size 2048K, 3 young (6144K), 3 survivors (6144K)
 Metaspace       used 59619K, committed 60096K, reserved 1105920K
  class space    used 7840K, committed 8064K, reserved 1048576K
}
Event: 4.211 GC heap before
{Heap before GC invocations=16 (full 0):
 garbage-first heap   total 90112K, used 69940K [0x0000000701e00000, 0x0000000800000000)
  region size 2048K, 27 young (55296K), 3 survivors (6144K)
 Metaspace       used 63351K, committed 63936K, reserved 1105920K
  class space    used 8378K, committed 8640K, reserved 1048576K
}
Event: 4.215 GC heap after
{Heap after GC invocations=17 (full 0):
 garbage-first heap   total 90112K, used 22407K [0x0000000701e00000, 0x0000000800000000)
  region size 2048K, 3 young (6144K), 3 survivors (6144K)
 Metaspace       used 63351K, committed 63936K, reserved 1105920K
  class space    used 8378K, committed 8640K, reserved 1048576K
}
Event: 4.238 GC heap before
{Heap before GC invocations=17 (full 0):
 garbage-first heap   total 90112K, used 24455K [0x0000000701e00000, 0x0000000800000000)
  region size 2048K, 4 young (8192K), 3 survivors (6144K)
 Metaspace       used 63489K, committed 64000K, reserved 1105920K
  class space    used 8398K, committed 8640K, reserved 1048576K
}
Event: 4.241 GC heap after
{Heap after GC invocations=18 (full 0):
 garbage-first heap   total 90112K, used 22863K [0x0000000701e00000, 0x0000000800000000)
  region size 2048K, 1 young (2048K), 1 survivors (2048K)
 Metaspace       used 63489K, committed 64000K, reserved 1105920K
  class space    used 8398K, committed 8640K, reserved 1048576K
}
Event: 4.622 GC heap before
{Heap before GC invocations=18 (full 0):
 garbage-first heap   total 90112K, used 69967K [0x0000000701e00000, 0x0000000800000000)
  region size 2048K, 25 young (51200K), 1 survivors (2048K)
 Metaspace       used 66810K, committed 67264K, reserved 1114112K
  class space    used 8881K, committed 9088K, reserved 1048576K
}
Event: 4.626 GC heap after
{Heap after GC invocations=19 (full 0):
 garbage-first heap   total 90112K, used 25020K [0x0000000701e00000, 0x0000000800000000)
  region size 2048K, 2 young (4096K), 2 survivors (4096K)
 Metaspace       used 66810K, committed 67264K, reserved 1114112K
  class space    used 8881K, committed 9088K, reserved 1048576K
}
Event: 13.048 GC heap before
{Heap before GC invocations=19 (full 0):
 garbage-first heap   total 90112K, used 68028K [0x0000000701e00000, 0x0000000800000000)
  region size 2048K, 24 young (49152K), 2 survivors (4096K)
 Metaspace       used 70979K, committed 71552K, reserved 1114112K
  class space    used 9430K, committed 9728K, reserved 1048576K
}
Event: 13.052 GC heap after
{Heap after GC invocations=20 (full 0):
 garbage-first heap   total 90112K, used 26347K [0x0000000701e00000, 0x0000000800000000)
  region size 2048K, 3 young (6144K), 3 survivors (6144K)
 Metaspace       used 70979K, committed 71552K, reserved 1114112K
  class space    used 9430K, committed 9728K, reserved 1048576K
}
Event: 404.678 GC heap before
{Heap before GC invocations=20 (full 0):
 garbage-first heap   total 90112K, used 71403K [0x0000000701e00000, 0x0000000800000000)
  region size 2048K, 25 young (51200K), 3 survivors (6144K)
 Metaspace       used 73859K, committed 74496K, reserved 1114112K
  class space    used 9800K, committed 10112K, reserved 1048576K
}
Event: 404.682 GC heap after
{Heap after GC invocations=21 (full 0):
 garbage-first heap   total 90112K, used 28485K [0x0000000701e00000, 0x0000000800000000)
  region size 2048K, 4 young (8192K), 4 survivors (8192K)
 Metaspace       used 73859K, committed 74496K, reserved 1114112K
  class space    used 9800K, committed 10112K, reserved 1048576K
}

